<?xml version="1.0" encoding="UTF-8"?>
<!-- Generated by org.testng.reporters.JUnitReportReporter -->
<testsuite hostname="DESKTOP-PB84E63" failures="0" tests="2" name="testngbasic.groups" time="0.030" errors="0" timestamp="31 Jul 2023 10:26:27 GMT" skipped="0">
  <testcase classname="testngbasic.groups" name="test3" time="0.003"/>
  <testcase classname="testngbasic.groups" name="test2" time="0.027"/>
</testsuite> <!-- testngbasic.groups -->
