<?xml version="1.0" encoding="UTF-8"?>
<!-- Generated by org.testng.reporters.JUnitReportReporter -->
<testsuite hostname="DESKTOP-PB84E63" failures="0" tests="2" name="testngbasic.group1" time="0.004" errors="0" timestamp="31 Jul 2023 10:26:27 GMT" skipped="0">
  <testcase classname="testngbasic.group1" name="test2" time="0.002"/>
  <testcase classname="testngbasic.group1" name="test1" time="0.002"/>
</testsuite> <!-- testngbasic.group1 -->
