<?xml version="1.0" encoding="UTF-8"?>
<!-- Generated by org.testng.reporters.JUnitReportReporter -->
<testsuite hostname="DESKTOP-PB84E63" failures="0" tests="1" name="se1.testngBasic" time="54.770" errors="0" timestamp="05 Jul 2023 10:06:13 GMT" skipped="0">
  <testcase classname="se1.testngBasic" name="TestGoogle" time="54.770"/>
</testsuite> <!-- se1.testngBasic -->
