<?xml version="1.0" encoding="UTF-8"?>
<!-- Generated by org.testng.reporters.JUnitReportReporter -->
<testsuite hostname="DESKTOP-PB84E63" failures="0" tests="2" name="testngbasic.basic" time="18.042" errors="0" timestamp="05 Jul 2023 10:26:50 GMT" skipped="0">
  <testcase classname="testngbasic.basic" name="TestFacebook" time="8.663"/>
  <testcase classname="testngbasic.basic" name="TestGoogle" time="9.379"/>
</testsuite> <!-- testngbasic.basic -->
